Starting on-chain mode...
Connected to wss://oab-rpc.shawntabrizi.com
Account: 5FLSigC9HGRKVhB9FiEo4Y3koPsNmBmLJbpXg2mp1hXcS59Y
Loaded 110 cards from chain.
Loaded 2 card sets from chain.
OAB Server listening on http://localhost:4003
Endpoints:
  POST /reset  — Start new game { "seed": N, "set_id": N }
  POST /step   — Submit actions { "actions": [...] }
  GET  /state  — Get current game state
  GET  /cards  — List all cards in the current set
  GET  /sets   — List available card sets
Starting new game with set 0...
Game started (round=1).
Submitting turn (round 1)...
Round 1: Defeat (survived=1, enemies=1, events=29)
Submitting turn (round 2)...
Round 2: Defeat (survived=1, enemies=2, events=25)
Submitting turn (round 3)...
Round 3: Victory (survived=2, enemies=1, events=46)
Submitting turn (round 4)...
Round 4: Victory (survived=3, enemies=4, events=44)
Submitting turn (round 5)...
Round 5: Victory (survived=4, enemies=4, events=71)
Submitting turn (round 6)...
Game over (defeat). Submitting end_game...
Round 6: Defeat (survived=5, enemies=4, events=135)
Ending completed game...
Ending completed game...
Ending completed game...
Ending completed game...
Ending completed game...
Ending completed game...
Ending completed game...
Ending completed game...
Ending completed game...
