Starting on-chain mode...
Connected to wss://oab-rpc.shawntabrizi.com
Account: 5DAAnrj7VHTznn2AWBemMuyBwZWs6FNFjdyVXUeYum3PTXFy
Loaded 110 cards from chain.
Loaded 2 card sets from chain.
OAB Server listening on http://localhost:4004
Endpoints:
  POST /reset  — Start new game { "seed": N, "set_id": N }
  POST /step   — Submit actions { "actions": [...] }
  GET  /state  — Get current game state
  GET  /cards  — List all cards in the current set
  GET  /sets   — List available card sets
Starting new game with set 0...
Game started (round=1).
Submitting turn (round 1)...
Round 1: Defeat (survived=0, enemies=2, events=3)
Submitting turn (round 2)...
Round 2: Victory (survived=2, enemies=1, events=28)
Submitting turn (round 3)...
Round 3: Defeat (survived=4, enemies=2, events=75)
Submitting turn (round 4)...
Round 4: Victory (survived=4, enemies=3, events=87)
Submitting turn (round 5)...
Round 5: Draw (survived=5, enemies=4, events=95)
Submitting turn (round 6)...
Game over (defeat). Submitting end_game...
Round 6: Defeat (survived=4, enemies=5, events=137)
Starting new game with set 0...
Game started (round=1).
Submitting turn (round 1)...
Round 1: Defeat (survived=1, enemies=2, events=29)
Submitting turn (round 2)...
Round 2: Victory (survived=3, enemies=2, events=73)
Submitting turn (round 3)...
Round 3: Defeat (survived=3, enemies=3, events=99)
Submitting turn (round 4)...
Game over (defeat). Submitting end_game...
Round 4: Defeat (survived=4, enemies=4, events=98)
Starting new game with set 0...
Game started (round=1).
Submitting turn (round 1)...
Round 1: Defeat (survived=0, enemies=2, events=3)
Submitting turn (round 2)...
Round 2: Defeat (survived=2, enemies=3, events=73)
Submitting turn (round 3)...
Round 3: Victory (survived=3, enemies=2, events=62)
Submitting turn (round 4)...
Game over (defeat). Submitting end_game...
Round 4: Defeat (survived=3, enemies=4, events=81)
Starting new game with set 0...
Game started (round=1).
Submitting turn (round 1)...
Round 1: Defeat (survived=2, enemies=1, events=39)
Submitting turn (round 2)...
Round 2: Victory (survived=4, enemies=1, events=21)
Submitting turn (round 3)...
Round 3: Defeat (survived=4, enemies=3, events=66)
Submitting turn (round 4)...
Round 4: Victory (survived=5, enemies=4, events=88)
Submitting turn (round 5)...
Round 5: Victory (survived=5, enemies=5, events=131)
Submitting turn (round 6)...
Game over (defeat). Submitting end_game...
Round 6: Defeat (survived=4, enemies=5, events=84)
Starting new game with set 0...
Game started (round=1).
Submitting turn (round 1)...
Round 1: Defeat (survived=1, enemies=2, events=21)
Submitting turn (round 2)...
Round 2: Victory (survived=2, enemies=2, events=78)
Submitting turn (round 3)...
Round 3: Defeat (survived=2, enemies=3, events=49)
Submitting turn (round 4)...
Game over (defeat). Submitting end_game...
Round 4: Defeat (survived=2, enemies=3, events=79)
Starting new game with set 0...
Game started (round=1).
Submitting turn (round 1)...
Round 1: Defeat (survived=1, enemies=2, events=22)
Submitting turn (round 2)...
Round 2: Defeat (survived=2, enemies=2, events=62)
Submitting turn (round 3)...
Round 3: Victory (survived=3, enemies=2, events=73)
Submitting turn (round 4)...
Round 4: Victory (survived=4, enemies=2, events=67)
Submitting turn (round 5)...
Game over (defeat). Submitting end_game...
Round 5: Defeat (survived=5, enemies=4, events=197)
Starting new game with set 0...
Game started (round=1).
Submitting turn (round 1)...
Round 1: Defeat (survived=0, enemies=1, events=3)
Submitting turn (round 2)...
Round 2: Victory (survived=2, enemies=1, events=34)
Submitting turn (round 3)...
Round 3: Defeat (survived=4, enemies=3, events=103)
Submitting turn (round 4)...
Round 4: Victory (survived=5, enemies=3, events=79)
Submitting turn (round 5)...
Round 5: Draw (survived=5, enemies=5, events=259)
Submitting turn (round 6)...
Game over (defeat). Submitting end_game...
Round 6: Defeat (survived=5, enemies=5, events=59)
Starting new game with set 0...
Game started (round=1).
Submitting turn (round 1)...
Round 1: Victory (survived=1, enemies=2, events=39)
Submitting turn (round 2)...
Round 2: Draw (survived=3, enemies=2, events=61)
Submitting turn (round 3)...
Round 3: Victory (survived=5, enemies=4, events=123)
Submitting turn (round 4)...
Round 4: Defeat (survived=5, enemies=5, events=95)
Submitting turn (round 5)...
Round 5: Victory (survived=5, enemies=5, events=111)
Submitting turn (round 6)...
Round 6: Victory (survived=5, enemies=5, events=66)
Submitting turn (round 7)...
Round 7: Victory (survived=4, enemies=5, events=54)
Submitting turn (round 8)...
Round 8: Victory (survived=5, enemies=5, events=54)
Submitting turn (round 9)...
Round 9: Victory (survived=5, enemies=5, events=31)
Submitting turn (round 10)...
Round 10: Defeat (survived=5, enemies=5, events=35)
Submitting turn (round 11)...
Round 11: Victory (survived=5, enemies=5, events=77)
Submitting turn (round 12)...
Round 12: Victory (survived=5, enemies=5, events=59)
Submitting turn (round 13)...
Game over (victory). Submitting end_game...
Round 13: Victory (survived=5, enemies=5, events=59)
Starting new game with set 0...
Game started (round=1).
Submitting turn (round 1)...
Round 1: Defeat (survived=1, enemies=1, events=25)
Submitting turn (round 2)...
Round 2: Victory (survived=3, enemies=2, events=73)
Submitting turn (round 3)...
Round 3: Victory (survived=5, enemies=2, events=63)
Submitting turn (round 4)...
Round 4: Defeat (survived=4, enemies=5, events=94)
Submitting turn (round 5)...
Round 5: Victory (survived=5, enemies=4, events=86)
Submitting turn (round 6)...
Game over (defeat). Submitting end_game...
Round 6: Defeat (survived=5, enemies=5, events=125)
Starting new game with set 0...
Game started (round=1).
Submitting turn (round 1)...
Round 1: Defeat (survived=1, enemies=1, events=15)
Submitting turn (round 2)...
Round 2: Victory (survived=1, enemies=2, events=72)
Submitting turn (round 3)...
Round 3: Defeat (survived=1, enemies=2, events=80)
Submitting turn (round 4)...
Game over (defeat). Submitting end_game...
Round 4: Defeat (survived=1, enemies=3, events=70)
