Starting on-chain mode...
Connected to wss://oab-rpc.shawntabrizi.com
Account: 5GrwvaEF5zXb26Fz9rcQpDWS57CtERHpNehXCPcNoHGKutQY
Loaded 110 cards from chain.
Loaded 2 card sets from chain.
OAB Server listening on http://localhost:4001
Endpoints:
  POST /reset  — Start new game { "seed": N, "set_id": N }
  POST /step   — Submit actions { "actions": [...] }
  GET  /state  — Get current game state
  GET  /cards  — List all cards in the current set
  GET  /sets   — List available card sets
Starting new game with set 0...
Game started (round=1).
Submitting turn (round 1)...
Round 1: Defeat (survived=0, enemies=2, events=3)
Submitting turn (round 2)...
Round 2: Defeat (survived=0, enemies=1, events=4)
Submitting turn (round 3)...
Round 3: Draw (survived=1, enemies=3, events=46)
Submitting turn (round 4)...
Game over (defeat). Submitting end_game...
Round 4: Defeat (survived=2, enemies=3, events=51)
Starting new game with set 0...
Game started (round=1).
Submitting turn (round 1)...
Round 1: Defeat (survived=2, enemies=2, events=41)
Submitting turn (round 2)...
Round 2: Victory (survived=2, enemies=2, events=67)
Submitting turn (round 3)...
Round 3: Defeat (survived=3, enemies=2, events=62)
Submitting turn (round 4)...
Round 4: Victory (survived=4, enemies=4, events=133)
Submitting turn (round 5)...
Round 5: Draw (survived=4, enemies=5, events=144)
Submitting turn (round 6)...
Round 6: Victory (survived=5, enemies=4, events=113)
Submitting turn (round 7)...
Round 7: Victory (survived=5, enemies=5, events=100)
Submitting turn (round 8)...
Game over (defeat). Submitting end_game...
Round 8: Defeat (survived=5, enemies=5, events=35)
Starting new game with set 0...
Game started (round=1).
Submitting turn (round 1)...
Round 1: Victory (survived=1, enemies=1, events=32)
Submitting turn (round 2)...
Round 2: Defeat (survived=2, enemies=3, events=51)
Submitting turn (round 3)...
Round 3: Victory (survived=3, enemies=2, events=52)
Submitting turn (round 4)...
Round 4: Victory (survived=4, enemies=3, events=82)
Submitting turn (round 5)...
Round 5: Defeat (survived=5, enemies=4, events=206)
Submitting turn (round 6)...
Round 6: Victory (survived=5, enemies=5, events=124)
Submitting turn (round 7)...
Game over (defeat). Submitting end_game...
Round 7: Defeat (survived=5, enemies=4, events=86)
Starting new game with set 0...
Game started (round=1).
Submitting turn (round 1)...
Round 1: Defeat (survived=1, enemies=2, events=29)
Submitting turn (round 2)...
Round 2: Victory (survived=2, enemies=1, events=29)
Submitting turn (round 3)...
Round 3: Victory (survived=3, enemies=2, events=72)
Submitting turn (round 4)...
Round 4: Defeat (survived=4, enemies=4, events=59)
Submitting turn (round 5)...
Game over (defeat). Submitting end_game...
Round 5: Defeat (survived=4, enemies=4, events=66)
Starting new game with set 0...
Game started (round=1).
Submitting turn (round 1)...
Round 1: Defeat (survived=0, enemies=1, events=3)
Submitting turn (round 2)...
Round 2: Defeat (survived=1, enemies=4, events=22)
Submitting turn (round 3)...
Round 3: Victory (survived=2, enemies=3, events=47)
Submitting turn (round 4)...
Round 4: Victory (survived=3, enemies=4, events=51)
Submitting turn (round 5)...
Round 5: Victory (survived=4, enemies=4, events=69)
Submitting turn (round 6)...
Round 6: Victory (survived=5, enemies=5, events=120)
Submitting turn (round 7)...
Round 7: Victory (survived=5, enemies=5, events=120)
Submitting turn (round 8)...
Round 8: Victory (survived=5, enemies=5, events=90)
Submitting turn (round 9)...
Round 9: Victory (survived=5, enemies=5, events=90)
Submitting turn (round 10)...
Round 10: Victory (survived=5, enemies=5, events=84)
Submitting turn (round 11)...
Round 11: Victory (survived=5, enemies=5, events=94)
Submitting turn (round 12)...
Game over (victory). Submitting end_game...
Round 12: Victory (survived=5, enemies=5, events=84)
Starting new game with set 0...
Game started (round=1).
Submitting turn (round 1)...
Round 1: Victory (survived=2, enemies=1, events=28)
Submitting turn (round 2)...
Round 2: Victory (survived=3, enemies=2, events=38)
Submitting turn (round 3)...
Round 3: Defeat (survived=4, enemies=4, events=71)
Submitting turn (round 4)...
Round 4: Victory (survived=5, enemies=3, events=78)
Submitting turn (round 5)...
Round 5: Draw (survived=5, enemies=5, events=107)
Submitting turn (round 6)...
Round 6: Victory (survived=5, enemies=5, events=128)
Submitting turn (round 7)...
Round 7: Victory (survived=5, enemies=5, events=92)
Submitting turn (round 8)...
Round 8: Defeat (survived=5, enemies=4, events=77)
Submitting turn (round 9)...
Game over (defeat). Submitting end_game...
Round 9: Defeat (survived=5, enemies=5, events=110)
Starting new game with set 0...
Game started (round=1).
Submitting turn (round 1)...
Round 1: Victory (survived=1, enemies=1, events=11)
Submitting turn (round 2)...
Round 2: Draw (survived=2, enemies=3, events=49)
Submitting turn (round 3)...
Round 3: Defeat (survived=3, enemies=4, events=48)
Submitting turn (round 4)...
Round 4: Draw (survived=4, enemies=4, events=58)
Submitting turn (round 5)...
Round 5: Draw (survived=5, enemies=5, events=54)
Submitting turn (round 6)...
Round 6: Defeat (survived=5, enemies=4, events=74)
Submitting turn (round 7)...
Game over (defeat). Submitting end_game...
Round 7: Defeat (survived=5, enemies=4, events=84)
Starting new game with set 0...
Game started (round=1).
Submitting turn (round 1)...
Round 1: Victory (survived=2, enemies=1, events=22)
Submitting turn (round 2)...
Round 2: Draw (survived=3, enemies=2, events=45)
Submitting turn (round 3)...
Round 3: Defeat (survived=4, enemies=4, events=71)
Submitting turn (round 4)...
Round 4: Victory (survived=5, enemies=4, events=70)
Submitting turn (round 5)...
Round 5: Draw (survived=5, enemies=5, events=103)
Submitting turn (round 6)...
Round 6: Defeat (survived=5, enemies=4, events=99)
Submitting turn (round 7)...
Round 7: Draw (survived=5, enemies=5, events=91)
Submitting turn (round 8)...
Game over (defeat). Submitting end_game...
Round 8: Defeat (survived=5, enemies=4, events=64)
Starting new game with set 0...
Game started (round=1).
Submitting turn (round 1)...
Round 1: Defeat (survived=1, enemies=1, events=11)
Submitting turn (round 2)...
Round 2: Victory (survived=2, enemies=1, events=52)
Submitting turn (round 3)...
Round 3: Draw (survived=2, enemies=4, events=69)
Submitting turn (round 4)...
Round 4: Victory (survived=3, enemies=4, events=76)
Submitting turn (round 5)...
Round 5: Victory (survived=4, enemies=5, events=68)
Submitting turn (round 6)...
Round 6: Victory (survived=5, enemies=5, events=92)
Submitting turn (round 7)...
Round 7: Victory (survived=5, enemies=5, events=97)
Submitting turn (round 8)...
Round 8: Draw (survived=5, enemies=5, events=93)
Submitting turn (round 9)...
Round 9: Defeat (survived=5, enemies=5, events=25)
Submitting turn (round 10)...
Round 10: Victory (survived=5, enemies=5, events=57)
Submitting turn (round 11)...
Round 11: Victory (survived=5, enemies=5, events=57)
Submitting turn (round 12)...
Game over (defeat). Submitting end_game...
Round 12: Defeat (survived=5, enemies=5, events=31)
Starting new game with set 0...
Game started (round=1).
Submitting turn (round 1)...
Round 1: Victory (survived=1, enemies=1, events=20)
Submitting turn (round 2)...
Round 2: Defeat (survived=1, enemies=3, events=33)
Submitting turn (round 3)...
Round 3: Victory (survived=2, enemies=1, events=62)
Submitting turn (round 4)...
Round 4: Defeat (survived=3, enemies=4, events=106)
Submitting turn (round 5)...
Game over (defeat). Submitting end_game...
Round 5: Defeat (survived=4, enemies=4, events=87)
