Starting on-chain mode...
Connected to wss://oab-rpc.shawntabrizi.com
Account: 5FHneW46xGXgs5mUiveU4sbTyGBzmstUspZC92UhjJM694ty
Loaded 110 cards from chain.
Loaded 2 card sets from chain.
OAB Server listening on http://localhost:4002
Endpoints:
  POST /reset  — Start new game { "seed": N, "set_id": N }
  POST /step   — Submit actions { "actions": [...] }
  GET  /state  — Get current game state
  GET  /cards  — List all cards in the current set
  GET  /sets   — List available card sets
Starting new game with set 0...
Game started (round=1).
Submitting turn (round 1)...
Round 1: Defeat (survived=1, enemies=3, events=79)
Submitting turn (round 2)...
Round 2: Victory (survived=2, enemies=1, events=80)
Submitting turn (round 3)...
Round 3: Defeat (survived=3, enemies=4, events=98)
Submitting turn (round 4)...
Game over (defeat). Submitting end_game...
Round 4: Defeat (survived=4, enemies=3, events=91)
Ending completed game...
Ending completed game...
Ending completed game...
Ending completed game...
Ending completed game...
Ending completed game...
Ending completed game...
Ending completed game...
Ending completed game...
